# JRE version: Java(TM) SE Runtime Environment (8.0_65-b17) (build 1.8.0_65-b17)
# Java VM: Java HotSpot(TM) 64-Bit Server VM (25.65-b01 mixed mode bsd-amd64 compressed oops)
Heap:
 PSYoungGen      total 27648K, used 15369K [0x00000007af580000, 0x00000007b1280000, 0x00000007c0000000)
  eden space 25600K, 52% used [0x00000007af580000,0x00000007b0286548,0x00000007b0e80000)
  from space 2048K, 99% used [0x00000007b1080000,0x00000007b127c030,0x00000007b1280000)
  to   space 2048K, 0% used [0x00000007b0e80000,0x00000007b0e80000,0x00000007b1080000)
 ParOldGen       total 34304K, used 5696K [0x000000078e000000, 0x0000000790180000, 0x00000007af580000)
  object space 34304K, 16% used [0x000000078e000000,0x000000078e590308,0x0000000790180000)
 Metaspace       used 18947K, capacity 19688K, committed 19968K, reserved 1067008K
  class space    used 2400K, capacity 2751K, committed 2816K, reserved 1048576K
GC Heap History (8 events):
Event: 0.273 GC heap before
{Heap before GC invocations=1 (full 0):
 PSYoungGen      total 14848K, used 12800K [0x00000007af580000, 0x00000007b0600000, 0x00000007c0000000)
  eden space 12800K, 100% used [0x00000007af580000,0x00000007b0200000,0x00000007b0200000)
  from space 2048K, 0% used [0x00000007b0400000,0x00000007b0400000,0x00000007b0600000)
  to   space 2048K, 0% used [0x00000007b0200000,0x00000007b0200000,0x00000007b0400000)
 ParOldGen       total 34304K, used 0K [0x000000078e000000, 0x0000000790180000, 0x00000007af580000)
  object space 34304K, 0% used [0x000000078e000000,0x000000078e000000,0x0000000790180000)
 Metaspace       used 7411K, capacity 7552K, committed 7680K, reserved 1056768K
  class space    used 862K, capacity 916K, committed 1024K, reserved 1048576K
Event: 0.276 GC heap after
Heap after GC invocations=1 (full 0):
 PSYoungGen      total 14848K, used 2042K [0x00000007af580000, 0x00000007b0600000, 0x00000007c0000000)
  eden space 12800K, 0% used [0x00000007af580000,0x00000007af580000,0x00000007b0200000)
  from space 2048K, 99% used [0x00000007b0200000,0x00000007b03feb18,0x00000007b0400000)
  to   space 2048K, 0% used [0x00000007b0400000,0x00000007b0400000,0x00000007b0600000)
 ParOldGen       total 34304K, used 471K [0x000000078e000000, 0x0000000790180000, 0x00000007af580000)
  object space 34304K, 1% used [0x000000078e000000,0x000000078e075f98,0x0000000790180000)
 Metaspace       used 7411K, capacity 7552K, committed 7680K, reserved 1056768K
  class space    used 862K, capacity 916K, committed 1024K, reserved 1048576K
}
Event: 0.460 GC heap before
{Heap before GC invocations=2 (full 0):
 PSYoungGen      total 14848K, used 14842K [0x00000007af580000, 0x00000007b0600000, 0x00000007c0000000)
  eden space 12800K, 100% used [0x00000007af580000,0x00000007b0200000,0x00000007b0200000)
  from space 2048K, 99% used [0x00000007b0200000,0x00000007b03feb18,0x00000007b0400000)
  to   space 2048K, 0% used [0x00000007b0400000,0x00000007b0400000,0x00000007b0600000)
 ParOldGen       total 34304K, used 471K [0x000000078e000000, 0x0000000790180000, 0x00000007af580000)
  object space 34304K, 1% used [0x000000078e000000,0x000000078e075f98,0x0000000790180000)
 Metaspace       used 9652K, capacity 9888K, committed 9984K, reserved 1058816K
  class space    used 1164K, capacity 1225K, committed 1280K, reserved 1048576K
Event: 0.463 GC heap after
Heap after GC invocations=2 (full 0):
 PSYoungGen      total 14848K, used 2016K [0x00000007af580000, 0x00000007b1280000, 0x00000007c0000000)
  eden space 12800K, 0% used [0x00000007af580000,0x00000007af580000,0x00000007b0200000)
  from space 2048K, 98% used [0x00000007b0400000,0x00000007b05f83d8,0x00000007b0600000)
  to   space 2048K, 0% used [0x00000007b0200000,0x00000007b0200000,0x00000007b0400000)
 ParOldGen       total 34304K, used 1228K [0x000000078e000000, 0x0000000790180000, 0x00000007af580000)
  object space 34304K, 3% used [0x000000078e000000,0x000000078e133010,0x0000000790180000)
 Metaspace       used 9652K, capacity 9888K, committed 9984K, reserved 1058816K
  class space    used 1164K, capacity 1225K, committed 1280K, reserved 1048576K
}
Event: 0.677 GC heap before
{Heap before GC invocations=3 (full 0):
 PSYoungGen      total 14848K, used 14816K [0x00000007af580000, 0x00000007b1280000, 0x00000007c0000000)
  eden space 12800K, 100% used [0x00000007af580000,0x00000007b0200000,0x00000007b0200000)
  from space 2048K, 98% used [0x00000007b0400000,0x00000007b05f83d8,0x00000007b0600000)
  to   space 2048K, 0% used [0x00000007b0200000,0x00000007b0200000,0x00000007b0400000)
 ParOldGen       total 34304K, used 1228K [0x000000078e000000, 0x0000000790180000, 0x00000007af580000)
  object space 34304K, 3% used [0x000000078e000000,0x000000078e133010,0x0000000790180000)
 Metaspace       used 13035K, capacity 13490K, committed 13952K, reserved 1060864K
  class space    used 1593K, capacity 1795K, committed 1920K, reserved 1048576K
Event: 0.682 GC heap after
Heap after GC invocations=3 (full 0):
 PSYoungGen      total 14848K, used 2016K [0x00000007af580000, 0x00000007b1280000, 0x00000007c0000000)
  eden space 12800K, 0% used [0x00000007af580000,0x00000007af580000,0x00000007b0200000)
  from space 2048K, 98% used [0x00000007b0200000,0x00000007b03f8060,0x00000007b0400000)
  to   space 2048K, 0% used [0x00000007b1080000,0x00000007b1080000,0x00000007b1280000)
 ParOldGen       total 34304K, used 3156K [0x000000078e000000, 0x0000000790180000, 0x00000007af580000)
  object space 34304K, 9% used [0x000000078e000000,0x000000078e315070,0x0000000790180000)
 Metaspace       used 13035K, capacity 13490K, committed 13952K, reserved 1060864K
  class space    used 1593K, capacity 1795K, committed 1920K, reserved 1048576K
}
Event: 0.927 GC heap before
{Heap before GC invocations=4 (full 0):
 PSYoungGen      total 14848K, used 14816K [0x00000007af580000, 0x00000007b1280000, 0x00000007c0000000)
  eden space 12800K, 100% used [0x00000007af580000,0x00000007b0200000,0x00000007b0200000)
  from space 2048K, 98% used [0x00000007b0200000,0x00000007b03f8060,0x00000007b0400000)
  to   space 2048K, 0% used [0x00000007b1080000,0x00000007b1080000,0x00000007b1280000)
 ParOldGen       total 34304K, used 3156K [0x000000078e000000, 0x0000000790180000, 0x00000007af580000)
  object space 34304K, 9% used [0x000000078e000000,0x000000078e315070,0x0000000790180000)
 Metaspace       used 15975K, capacity 16634K, committed 17024K, reserved 1064960K
  class space    used 2008K, capacity 2336K, committed 2432K, reserved 1048576K
Event: 0.932 GC heap after
Heap after GC invocations=4 (full 0):
 PSYoungGen      total 27648K, used 2032K [0x00000007af580000, 0x00000007b1280000, 0x00000007c0000000)
  eden space 25600K, 0% used [0x00000007af580000,0x00000007af580000,0x00000007b0e80000)
  from space 2048K, 99% used [0x00000007b1080000,0x00000007b127c030,0x00000007b1280000)
  to   space 2048K, 0% used [0x00000007b0e80000,0x00000007b0e80000,0x00000007b1080000)
 ParOldGen       total 34304K, used 5696K [0x000000078e000000, 0x0000000790180000, 0x00000007af580000)
  object space 34304K, 16% used [0x000000078e000000,0x000000078e590308,0x0000000790180000)
 Metaspace       used 15975K, capacity 16634K, committed 17024K, reserved 1064960K
  class space    used 2008K, capacity 2336K, committed 2432K, reserved 1048576K
}

