# JRE version: Java(TM) SE Runtime Environment (8.0_65-b17) (build 1.8.0_65-b17)
# Java VM: Java HotSpot(TM) 64-Bit Server VM (25.65-b01 mixed mode bsd-amd64 compressed oops)
Heap:
 PSYoungGen      total 27648K, used 14995K [0x00000007af580000, 0x00000007b2b80000, 0x00000007c0000000)
  eden space 25600K, 50% used [0x00000007af580000,0x00000007b0228be0,0x00000007b0e80000)
  from space 2048K, 99% used [0x00000007b0e80000,0x00000007b107c030,0x00000007b1080000)
  to   space 2048K, 0% used [0x00000007b2980000,0x00000007b2980000,0x00000007b2b80000)
 ParOldGen       total 34304K, used 5644K [0x000000078e000000, 0x0000000790180000, 0x00000007af580000)
  object space 34304K, 16% used [0x000000078e000000,0x000000078e583170,0x0000000790180000)
 Metaspace       used 18954K, capacity 19688K, committed 19968K, reserved 1067008K
  class space    used 2400K, capacity 2751K, committed 2816K, reserved 1048576K
GC Heap History (6 events):
Event: 0.260 GC heap before
{Heap before GC invocations=1 (full 0):
 PSYoungGen      total 14848K, used 12800K [0x00000007af580000, 0x00000007b0600000, 0x00000007c0000000)
  eden space 12800K, 100% used [0x00000007af580000,0x00000007b0200000,0x00000007b0200000)
  from space 2048K, 0% used [0x00000007b0400000,0x00000007b0400000,0x00000007b0600000)
  to   space 2048K, 0% used [0x00000007b0200000,0x00000007b0200000,0x00000007b0400000)
 ParOldGen       total 34304K, used 0K [0x000000078e000000, 0x0000000790180000, 0x00000007af580000)
  object space 34304K, 0% used [0x000000078e000000,0x000000078e000000,0x0000000790180000)
 Metaspace       used 7421K, capacity 7552K, committed 7680K, reserved 1056768K
  class space    used 862K, capacity 916K, committed 1024K, reserved 1048576K
Event: 0.262 GC heap after
Heap after GC invocations=1 (full 0):
 PSYoungGen      total 14848K, used 2026K [0x00000007af580000, 0x00000007b1280000, 0x00000007c0000000)
  eden space 12800K, 0% used [0x00000007af580000,0x00000007af580000,0x00000007b0200000)
  from space 2048K, 98% used [0x00000007b0200000,0x00000007b03faae8,0x00000007b0400000)
  to   space 2048K, 0% used [0x00000007b1080000,0x00000007b1080000,0x00000007b1280000)
 ParOldGen       total 34304K, used 454K [0x000000078e000000, 0x0000000790180000, 0x00000007af580000)
  object space 34304K, 1% used [0x000000078e000000,0x000000078e071938,0x0000000790180000)
 Metaspace       used 7421K, capacity 7552K, committed 7680K, reserved 1056768K
  class space    used 862K, capacity 916K, committed 1024K, reserved 1048576K
}
Event: 0.448 GC heap before
{Heap before GC invocations=2 (full 0):
 PSYoungGen      total 14848K, used 14826K [0x00000007af580000, 0x00000007b1280000, 0x00000007c0000000)
  eden space 12800K, 100% used [0x00000007af580000,0x00000007b0200000,0x00000007b0200000)
  from space 2048K, 98% used [0x00000007b0200000,0x00000007b03faae8,0x00000007b0400000)
  to   space 2048K, 0% used [0x00000007b1080000,0x00000007b1080000,0x00000007b1280000)
 ParOldGen       total 34304K, used 454K [0x000000078e000000, 0x0000000790180000, 0x00000007af580000)
  object space 34304K, 1% used [0x000000078e000000,0x000000078e071938,0x0000000790180000)
 Metaspace       used 9692K, capacity 9888K, committed 9984K, reserved 1058816K
  class space    used 1164K, capacity 1225K, committed 1280K, reserved 1048576K
Event: 0.451 GC heap after
Heap after GC invocations=2 (full 0):
 PSYoungGen      total 27648K, used 2018K [0x00000007af580000, 0x00000007b1280000, 0x00000007c0000000)
  eden space 25600K, 0% used [0x00000007af580000,0x00000007af580000,0x00000007b0e80000)
  from space 2048K, 98% used [0x00000007b1080000,0x00000007b1278bc0,0x00000007b1280000)
  to   space 2048K, 0% used [0x00000007b0e80000,0x00000007b0e80000,0x00000007b1080000)
 ParOldGen       total 34304K, used 1201K [0x000000078e000000, 0x0000000790180000, 0x00000007af580000)
  object space 34304K, 3% used [0x000000078e000000,0x000000078e12c5b8,0x0000000790180000)
 Metaspace       used 9692K, capacity 9888K, committed 9984K, reserved 1058816K
  class space    used 1164K, capacity 1225K, committed 1280K, reserved 1048576K
}
Event: 0.909 GC heap before
{Heap before GC invocations=3 (full 0):
 PSYoungGen      total 27648K, used 27618K [0x00000007af580000, 0x00000007b1280000, 0x00000007c0000000)
  eden space 25600K, 100% used [0x00000007af580000,0x00000007b0e80000,0x00000007b0e80000)
  from space 2048K, 98% used [0x00000007b1080000,0x00000007b1278bc0,0x00000007b1280000)
  to   space 2048K, 0% used [0x00000007b0e80000,0x00000007b0e80000,0x00000007b1080000)
 ParOldGen       total 34304K, used 1201K [0x000000078e000000, 0x0000000790180000, 0x00000007af580000)
  object space 34304K, 3% used [0x000000078e000000,0x000000078e12c5b8,0x0000000790180000)
 Metaspace       used 16005K, capacity 16634K, committed 17024K, reserved 1064960K
  class space    used 2008K, capacity 2336K, committed 2432K, reserved 1048576K
Event: 0.915 GC heap after
Heap after GC invocations=3 (full 0):
 PSYoungGen      total 27648K, used 2032K [0x00000007af580000, 0x00000007b2b80000, 0x00000007c0000000)
  eden space 25600K, 0% used [0x00000007af580000,0x00000007af580000,0x00000007b0e80000)
  from space 2048K, 99% used [0x00000007b0e80000,0x00000007b107c030,0x00000007b1080000)
  to   space 2048K, 0% used [0x00000007b2980000,0x00000007b2980000,0x00000007b2b80000)
 ParOldGen       total 34304K, used 5644K [0x000000078e000000, 0x0000000790180000, 0x00000007af580000)
  object space 34304K, 16% used [0x000000078e000000,0x000000078e583170,0x0000000790180000)
 Metaspace       used 16005K, capacity 16634K, committed 17024K, reserved 1064960K
  class space    used 2008K, capacity 2336K, committed 2432K, reserved 1048576K
}

